<?xml version="1.0" encoding="utf-8"?><testsuites name="pytest tests"><testsuite name="pytest" errors="0" failures="0" skipped="0" tests="60" time="0.842" timestamp="2025-09-04T18:24:54.931208-06:00" hostname="Sage-Tuf"><testcase classname="tests.test_adams_bashforth" name="test_AB2_order" time="0.001" /><testcase classname="tests.test_adams_bashforth" name="test_AB2_name" time="0.000" /><testcase classname="tests.test_adams_bashforth" name="test_AB2_order_actual" time="0.002" /><testcase classname="tests.test_adams_bashforth" name="test_AB3_order" time="0.000" /><testcase classname="tests.test_adams_bashforth" name="test_AB3_name" time="0.000" /><testcase classname="tests.test_adams_bashforth" name="test_AB3_order_actual" time="0.001" /><testcase classname="tests.test_adams_bashforth" name="test_AB4_order" time="0.000" /><testcase classname="tests.test_adams_bashforth" name="test_AB4_name" time="0.000" /><testcase classname="tests.test_adams_bashforth" name="test_AB4_order_actual" time="0.002" /><testcase classname="tests.test_adams_bashforth" name="test_AB5_order" time="0.000" /><testcase classname="tests.test_adams_bashforth" name="test_AB5_name" time="0.000" /><testcase classname="tests.test_adams_bashforth" name="test_AB5_order_actual" time="0.002" /><testcase classname="tests.test_adams_moulton" name="test_AM1_order" time="0.000" /><testcase classname="tests.test_adams_moulton" name="test_AM2_order" time="0.000" /><testcase classname="tests.test_adams_moulton" name="test_AM2_name" time="0.000" /><testcase classname="tests.test_adams_moulton" name="test_AM2_order_actual" time="0.006" /><testcase classname="tests.test_adams_moulton" name="test_AM3_order" time="0.000" /><testcase classname="tests.test_adams_moulton" name="test_AM3_name" time="0.000" /><testcase classname="tests.test_adams_moulton" name="test_AM3_order_actual" time="0.006" /><testcase classname="tests.test_adams_moulton" name="test_AM4_order" time="0.000" /><testcase classname="tests.test_adams_moulton" name="test_AM4_name" time="0.000" /><testcase classname="tests.test_adams_moulton" name="test_AM4_order_actual" time="0.006" /><testcase classname="tests.test_backward_differentiation" name="test_BDF1" time="0.000" /><testcase classname="tests.test_backward_differentiation" name="test_BDF_orders" time="0.000" /><testcase classname="tests.test_backward_differentiation" name="test_BDF_names" time="0.000" /><testcase classname="tests.test_backward_differentiation" name="test_BDF_order_actual" time="0.007" /><testcase classname="tests.test_callback_modifier" name="test_callback" time="0.001" /><testcase classname="tests.test_root_finder" name="test_default_root_finder_value_error" time="0.001" /><testcase classname="tests.test_single_step.TestSingleStep" name="test_solution_generator" time="0.000" /><testcase classname="tests.test_single_step.TestSingleStep" name="test_t_Final" time="0.000" /><testcase classname="tests.test_single_step.TestSingleStep" name="test_tqdm_wrapper" time="0.003" /><testcase classname="tests.test_single_step.TestEuler" name="test_Euler_order" time="0.000" /><testcase classname="tests.test_single_step.TestEuler" name="test_Euler_name" time="0.000" /><testcase classname="tests.test_single_step.TestEuler" name="test_Euler_update" time="0.000" /><testcase classname="tests.test_single_step.TestEulerDelta" name="test_EulerDelta_init" time="0.000" /><testcase classname="tests.test_single_step.TestEulerDelta" name="test_EulerDelta_order" time="0.000" /><testcase classname="tests.test_single_step.TestEulerDelta" name="test_EulerDelta_name" time="0.000" /><testcase classname="tests.test_single_step.TestEulerDelta" name="test_EulerDelta_update" time="0.000" /><testcase classname="tests.test_single_step.TestRK4" name="test_RK4_order" time="0.000" /><testcase classname="tests.test_single_step.TestRK4" name="test_RK4_name" time="0.000" /><testcase classname="tests.test_single_step.TestRK4" name="test_RK4_order_actual" time="0.009" /><testcase classname="tests.test_single_step.TestImplicitEuler" name="test_implicit_euler_order" time="0.000" /><testcase classname="tests.test_single_step.TestImplicitEuler" name="test_implicit_euler_name" time="0.000" /><testcase classname="tests.test_single_step.TestImplicitEuler" name="test_implicit_euler_order_actual" time="0.036" /><testcase classname="tests.test_single_step.TestTrapezoidal" name="test_trapezoidal_order" time="0.000" /><testcase classname="tests.test_single_step.TestTrapezoidal" name="test_trapezoidal_name" time="0.000" /><testcase classname="tests.test_single_step.TestTrapezoidal" name="test_trapezoidal_order_actual" time="0.040" /><testcase classname="tests.test_time_domain" name="test_init_array" time="0.000" /><testcase classname="tests.test_time_domain" name="test_iter" time="0.000" /><testcase classname="tests.test_time_domain" name="test_start_stop_init" time="0.000" /><testcase classname="tests.test_time_domain" name="test_start_stop_Steps" time="0.000" /><testcase classname="tests.test_time_domain" name="test_ray_init" time="0.000" /><testcase classname="tests.test_time_domain" name="test_ray_getitem_error" time="0.000" /><testcase classname="tests.test_time_domain" name="test_ray_getitem_int" time="0.000" /><testcase classname="tests.test_time_domain" name="test_ray_getitem_slice" time="0.000" /><testcase classname="tests.test_time_domain" name="test_ray_iter" time="0.000" /><testcase classname="tests.test_time_domain" name="test_ray_repr" time="0.000" /><testcase classname="tests.test_time_domain" name="test_time_ray_init" time="0.000" /><testcase classname="tests.test_time_domain" name="test_time_ray_array" time="0.000" /><testcase classname="tests.test_time_domain" name="test_time_ray_iter" time="0.000" /></testsuite></testsuites>